This is pdfTeX, Version 3.14159265-2.6-1.40.15 (MiKTeX 2.9 64-bit) (preloaded format=pdflatex 2015.5.2)  5 MAY 2015 20:40
entering extended mode
**main.tex
(main.tex
LaTeX2e <2014/05/01>
Babel <3.9l> and hyphenation patterns for 68 languages loaded.
("C:\Program Files\MiKTeX\tex\latex\base\book.cls"
Document Class: book 2014/09/29 v1.4h Standard LaTeX document class
("C:\Program Files\MiKTeX\tex\latex\base\bk12.clo"
File: bk12.clo 2014/09/29 v1.4h Standard LaTeX file (size option)
)
\c@part=\count79
\c@chapter=\count80
\c@section=\count81
\c@subsection=\count82
\c@subsubsection=\count83
\c@paragraph=\count84
\c@subparagraph=\count85
\c@figure=\count86
\c@table=\count87
\abovecaptionskip=\skip41
\belowcaptionskip=\skip42
\bibindent=\dimen102
)
("C:\Program Files\MiKTeX\tex\latex\geometry\geometry.sty"
Package: geometry 2010/09/12 v5.6 Page Geometry

("C:\Program Files\MiKTeX\tex\latex\graphics\keyval.sty"
Package: keyval 2014/10/28 v1.15 key=value parser (DPC)
\KV@toks@=\toks14
)
("C:\Program Files\MiKTeX\tex\generic\oberdiek\ifpdf.sty"
Package: ifpdf 2011/01/30 v2.3 Provides the ifpdf switch (HO)
Package ifpdf Info: pdfTeX in PDF mode is detected.
)
("C:\Program Files\MiKTeX\tex\generic\oberdiek\ifvtex.sty"
Package: ifvtex 2010/03/01 v1.5 Detect VTeX and its facilities (HO)
Package ifvtex Info: VTeX not detected.
)
("C:\Program Files\MiKTeX\tex\generic\ifxetex\ifxetex.sty"
Package: ifxetex 2010/09/12 v0.6 Provides ifxetex conditional
)
\Gm@cnth=\count88
\Gm@cntv=\count89
\c@Gm@tempcnt=\count90
\Gm@bindingoffset=\dimen103
\Gm@wd@mp=\dimen104
\Gm@odd@mp=\dimen105
\Gm@even@mp=\dimen106
\Gm@layoutwidth=\dimen107
\Gm@layoutheight=\dimen108
\Gm@layouthoffset=\dimen109
\Gm@layoutvoffset=\dimen110
\Gm@dimlist=\toks15

("C:\Program Files\MiKTeX\tex\latex\geometry\geometry.cfg")) (docsetup.tex
("C:\Program Files\MiKTeX\tex\latex\setspace\setspace.sty"
Package: setspace 2011/12/19 v6.7a set line spacing
)
("C:\Program Files\MiKTeX\tex\latex\graphics\graphicx.sty"
Package: graphicx 2014/10/28 v1.0g Enhanced LaTeX Graphics (DPC,SPQR)

("C:\Program Files\MiKTeX\tex\latex\graphics\graphics.sty"
Package: graphics 2014/10/28 v1.0p Standard LaTeX Graphics (DPC,SPQR)

("C:\Program Files\MiKTeX\tex\latex\graphics\trig.sty"
Package: trig 1999/03/16 v1.09 sin cos tan (DPC)
)
("C:\Program Files\MiKTeX\tex\latex\00miktex\graphics.cfg"
File: graphics.cfg 2007/01/18 v1.5 graphics configuration of teTeX/TeXLive
)
Package graphics Info: Driver file: pdftex.def on input line 91.

("C:\Program Files\MiKTeX\tex\latex\pdftex-def\pdftex.def"
File: pdftex.def 2011/05/27 v0.06d Graphics/color for pdfTeX

("C:\Program Files\MiKTeX\tex\generic\oberdiek\infwarerr.sty"
Package: infwarerr 2010/04/08 v1.3 Providing info/warning/error messages (HO)
)
("C:\Program Files\MiKTeX\tex\generic\oberdiek\ltxcmds.sty"
Package: ltxcmds 2011/11/09 v1.22 LaTeX kernel commands for general use (HO)
)
\Gread@gobject=\count91
))
\Gin@req@height=\dimen111
\Gin@req@width=\dimen112
)
("C:\Program Files\MiKTeX\tex\latex\amsfonts\amssymb.sty"
Package: amssymb 2013/01/14 v3.01 AMS font symbols

("C:\Program Files\MiKTeX\tex\latex\amsfonts\amsfonts.sty"
Package: amsfonts 2013/01/14 v3.01 Basic AMSFonts support
\@emptytoks=\toks16
\symAMSa=\mathgroup4
\symAMSb=\mathgroup5
LaTeX Font Info:    Overwriting math alphabet `\mathfrak' in version `bold'
(Font)                  U/euf/m/n --> U/euf/b/n on input line 106.
))
("C:\Program Files\MiKTeX\tex\latex\jknappen\mathrsfs.sty"
Package: mathrsfs 1996/01/01 Math RSFS package v1.0 (jk)
\symrsfs=\mathgroup6
)
("C:\Program Files\MiKTeX\tex\latex\amscls\amsthm.sty"
Package: amsthm 2009/07/02 v2.20.1
\thm@style=\toks17
\thm@bodyfont=\toks18
\thm@headfont=\toks19
\thm@notefont=\toks20
\thm@headpunct=\toks21
\thm@preskip=\skip43
\thm@postskip=\skip44
\thm@headsep=\skip45
\dth@everypar=\toks22
)
("C:\Program Files\MiKTeX\tex\latex\amsmath\amsmath.sty"
Package: amsmath 2013/01/14 v2.14 AMS math features
\@mathmargin=\skip46

For additional information on amsmath, use the `?' option.
("C:\Program Files\MiKTeX\tex\latex\amsmath\amstext.sty"
Package: amstext 2000/06/29 v2.01

("C:\Program Files\MiKTeX\tex\latex\amsmath\amsgen.sty"
File: amsgen.sty 1999/11/30 v2.0
\@emptytoks=\toks23
\ex@=\dimen113
))
("C:\Program Files\MiKTeX\tex\latex\amsmath\amsbsy.sty"
Package: amsbsy 1999/11/29 v1.2d
\pmbraise@=\dimen114
)
("C:\Program Files\MiKTeX\tex\latex\amsmath\amsopn.sty"
Package: amsopn 1999/12/14 v2.01 operator names
)
\inf@bad=\count92
LaTeX Info: Redefining \frac on input line 210.
\uproot@=\count93
\leftroot@=\count94
LaTeX Info: Redefining \overline on input line 306.
\classnum@=\count95
\DOTSCASE@=\count96
LaTeX Info: Redefining \ldots on input line 378.
LaTeX Info: Redefining \dots on input line 381.
LaTeX Info: Redefining \cdots on input line 466.
\Mathstrutbox@=\box26
\strutbox@=\box27
\big@size=\dimen115
LaTeX Font Info:    Redeclaring font encoding OML on input line 566.
LaTeX Font Info:    Redeclaring font encoding OMS on input line 567.
\macc@depth=\count97
\c@MaxMatrixCols=\count98
\dotsspace@=\muskip10
\c@parentequation=\count99
\dspbrk@lvl=\count100
\tag@help=\toks24
\row@=\count101
\column@=\count102
\maxfields@=\count103
\andhelp@=\toks25
\eqnshift@=\dimen116
\alignsep@=\dimen117
\tagshift@=\dimen118
\tagwidth@=\dimen119
\totwidth@=\dimen120
\lineht@=\dimen121
\@envbody=\toks26
\multlinegap=\skip47
\multlinetaggap=\skip48
\mathdisplay@stack=\toks27
LaTeX Info: Redefining \[ on input line 2665.
LaTeX Info: Redefining \] on input line 2666.
)
("C:\Program Files\MiKTeX\tex\latex\graphics\color.sty"
Package: color 2014/10/28 v1.1a Standard LaTeX Color (DPC)

("C:\Program Files\MiKTeX\tex\latex\00miktex\color.cfg"
File: color.cfg 2007/01/18 v1.5 color configuration of teTeX/TeXLive
)
Package color Info: Driver file: pdftex.def on input line 137.
) (fncychap.sty
Package: fncychap 2007/07/30 v1.34 LaTeX package (Revised chapters)
\RW=\skip49
\mylen=\skip50
\myhi=\skip51
\px=\skip52
\py=\skip53
\pyy=\skip54
\pxx=\skip55
)
("C:\Program Files\MiKTeX\tex\latex\hyperref\hyperref.sty"
Package: hyperref 2012/11/06 v6.83m Hypertext links for LaTeX

("C:\Program Files\MiKTeX\tex\generic\oberdiek\hobsub-hyperref.sty"
Package: hobsub-hyperref 2012/04/25 v1.12 Bundle oberdiek, subset hyperref (HO)


("C:\Program Files\MiKTeX\tex\generic\oberdiek\hobsub-generic.sty"
Package: hobsub-generic 2012/04/25 v1.12 Bundle oberdiek, subset generic (HO)
Package: hobsub 2012/04/25 v1.12 Construct package bundles (HO)
Package hobsub Info: Skipping package `infwarerr' (already loaded).
Package hobsub Info: Skipping package `ltxcmds' (already loaded).
Package: ifluatex 2010/03/01 v1.3 Provides the ifluatex switch (HO)
Package ifluatex Info: LuaTeX not detected.
Package hobsub Info: Skipping package `ifvtex' (already loaded).
Package: intcalc 2007/09/27 v1.1 Expandable calculations with integers (HO)
Package hobsub Info: Skipping package `ifpdf' (already loaded).
Package: etexcmds 2011/02/16 v1.5 Avoid name clashes with e-TeX commands (HO)
Package etexcmds Info: Could not find \expanded.
(etexcmds)             That can mean that you are not using pdfTeX 1.50 or
(etexcmds)             that some package has redefined \expanded.
(etexcmds)             In the latter case, load this package earlier.
Package: kvsetkeys 2012/04/25 v1.16 Key value parser (HO)
Package: kvdefinekeys 2011/04/07 v1.3 Define keys (HO)
Package: pdftexcmds 2011/11/29 v0.20 Utility functions of pdfTeX for LuaTeX (HO
)
Package pdftexcmds Info: LuaTeX not detected.
Package pdftexcmds Info: \pdf@primitive is available.
Package pdftexcmds Info: \pdf@ifprimitive is available.
Package pdftexcmds Info: \pdfdraftmode found.
Package: pdfescape 2011/11/25 v1.13 Implements pdfTeX's escape features (HO)
Package: bigintcalc 2012/04/08 v1.3 Expandable calculations on big integers (HO
)
Package: bitset 2011/01/30 v1.1 Handle bit-vector datatype (HO)
Package: uniquecounter 2011/01/30 v1.2 Provide unlimited unique counter (HO)
)
Package hobsub Info: Skipping package `hobsub' (already loaded).
Package: letltxmacro 2010/09/02 v1.4 Let assignment for LaTeX macros (HO)
Package: hopatch 2011/06/24 v1.1 Wrapper for package hooks (HO)
Package: xcolor-patch 2011/01/30 xcolor patch
Package: atveryend 2011/06/30 v1.8 Hooks at the very end of document (HO)
Package atveryend Info: \enddocument detected (standard20110627).
Package: atbegshi 2011/10/05 v1.16 At begin shipout hook (HO)
Package: refcount 2011/10/16 v3.4 Data extraction from label references (HO)
Package: hycolor 2011/01/30 v1.7 Color options for hyperref/bookmark (HO)
)
("C:\Program Files\MiKTeX\tex\latex\oberdiek\auxhook.sty"
Package: auxhook 2011/03/04 v1.3 Hooks for auxiliary files (HO)
)
("C:\Program Files\MiKTeX\tex\latex\oberdiek\kvoptions.sty"
Package: kvoptions 2011/06/30 v3.11 Key value format for package options (HO)
)
\@linkdim=\dimen122
\Hy@linkcounter=\count104
\Hy@pagecounter=\count105

("C:\Program Files\MiKTeX\tex\latex\hyperref\pd1enc.def"
File: pd1enc.def 2012/11/06 v6.83m Hyperref: PDFDocEncoding definition (HO)
)
\Hy@SavedSpaceFactor=\count106

("C:\Program Files\MiKTeX\tex\latex\00miktex\hyperref.cfg"
File: hyperref.cfg 2002/06/06 v1.2 hyperref configuration of TeXLive
)
Package hyperref Info: Option `bookmarks' set `true' on input line 4319.
Package hyperref Info: Hyper figures OFF on input line 4443.
Package hyperref Info: Link nesting OFF on input line 4448.
Package hyperref Info: Hyper index ON on input line 4451.
Package hyperref Info: Plain pages OFF on input line 4458.
Package hyperref Info: Backreferencing OFF on input line 4463.
Package hyperref Info: Implicit mode ON; LaTeX internals redefined.
Package hyperref Info: Bookmarks ON on input line 4688.
\c@Hy@tempcnt=\count107

("C:\Program Files\MiKTeX\tex\latex\url\url.sty"
\Urlmuskip=\muskip11
Package: url 2013/09/16  ver 3.4  Verb mode for urls, etc.
)
LaTeX Info: Redefining \url on input line 5041.
\XeTeXLinkMargin=\dimen123
\Fld@menulength=\count108
\Field@Width=\dimen124
\Fld@charsize=\dimen125
Package hyperref Info: Hyper figures OFF on input line 6295.
Package hyperref Info: Link nesting OFF on input line 6300.
Package hyperref Info: Hyper index ON on input line 6303.
Package hyperref Info: backreferencing OFF on input line 6310.
Package hyperref Info: Link coloring OFF on input line 6315.
Package hyperref Info: Link coloring with OCG OFF on input line 6320.
Package hyperref Info: PDF/A mode OFF on input line 6325.
LaTeX Info: Redefining \ref on input line 6365.
LaTeX Info: Redefining \pageref on input line 6369.
\Hy@abspage=\count109
\c@Item=\count110
\c@Hfootnote=\count111
)

Package hyperref Message: Driver: hpdftex.

("C:\Program Files\MiKTeX\tex\latex\hyperref\hpdftex.def"
File: hpdftex.def 2012/11/06 v6.83m Hyperref driver for pdfTeX
\Fld@listcount=\count112
\c@bookmark@seq@number=\count113

("C:\Program Files\MiKTeX\tex\latex\oberdiek\rerunfilecheck.sty"
Package: rerunfilecheck 2011/04/15 v1.7 Rerun checks for auxiliary files (HO)
Package uniquecounter Info: New unique counter `rerunfilecheck' on input line 2
82.
)
\Hy@SectionHShift=\skip56
)
Package hyperref Info: Option `colorlinks' set `true' on input line 17.

("C:\Program Files\MiKTeX\tex\latex\caption\caption.sty"
Package: caption 2013/05/02 v3.3-89 Customizing captions (AR)

("C:\Program Files\MiKTeX\tex\latex\caption\caption3.sty"
Package: caption3 2013/05/02 v1.6-88 caption3 kernel (AR)
Package caption3 Info: TeX engine: e-TeX on input line 57.
\captionmargin=\dimen126
\captionmargin@=\dimen127
\captionwidth=\dimen128
\caption@tempdima=\dimen129
\caption@indent=\dimen130
\caption@parindent=\dimen131
\caption@hangindent=\dimen132
)
\c@ContinuedFloat=\count114
Package caption Info: hyperref package is loaded.
)
("C:\Program Files\MiKTeX\tex\latex\fancyhdr\fancyhdr.sty"
\fancy@headwidth=\skip57
\f@ncyO@elh=\skip58
\f@ncyO@erh=\skip59
\f@ncyO@olh=\skip60
\f@ncyO@orh=\skip61
\f@ncyO@elf=\skip62
\f@ncyO@erf=\skip63
\f@ncyO@olf=\skip64
\f@ncyO@orf=\skip65
)
("C:\Program Files\MiKTeX\tex\latex\psnfss\times.sty"
Package: times 2005/04/12 PSNFSS-v9.2a (SPQR) 
)
("C:\Program Files\MiKTeX\tex\latex\natbib\natbib.sty"
Package: natbib 2010/09/13 8.31b (PWD, AO)
\bibhang=\skip66
\bibsep=\skip67
LaTeX Info: Redefining \cite on input line 694.
\c@NAT@ctr=\count115
)
("C:\Program Files\MiKTeX\tex\latex\float\float.sty"
Package: float 2001/11/08 v1.3d Float enhancements (AL)
\c@float@type=\count116
\float@exts=\toks28
\float@box=\box28
\@float@everytoks=\toks29
\@floatcapt=\box29
)
\@float@every@figure=\toks30

("C:\Program Files\MiKTeX\tex\latex\glossary\glossary.sty"
Package: glossary 2006/07/20 2.4 (NLCT)

("C:\Program Files\MiKTeX\tex\latex\base\ifthen.sty"
Package: ifthen 2014/09/29 v1.1c Standard LaTeX ifthen package (DPC)
)
\gls@cols=\count117

No configuration file glossary.cfg found
("C:\Program Files\MiKTeX\tex\latex\tools\longtable.sty"
Package: longtable 2014/10/28 v4.11 Multi-page Table package (DPC)
\LTleft=\skip68
\LTright=\skip69
\LTpre=\skip70
\LTpost=\skip71
\LTchunksize=\count118
\LTcapwidth=\dimen133
\LT@head=\box30
\LT@firsthead=\box31
\LT@foot=\box32
\LT@lastfoot=\box33
\LT@cols=\count119
\LT@rows=\count120
\c@LT@tables=\count121
\c@LT@chunks=\count122
\LT@p@ftn=\toks31
)
\descriptionwidth=\skip72
\istfile=\write3
)
\@glossaryfile=\write4

Writing glossary file main.glo 
) (main.aux)
LaTeX Font Info:    Checking defaults for OML/cmm/m/it on input line 9.
LaTeX Font Info:    ... okay on input line 9.
LaTeX Font Info:    Checking defaults for T1/cmr/m/n on input line 9.
LaTeX Font Info:    ... okay on input line 9.
LaTeX Font Info:    Checking defaults for OT1/cmr/m/n on input line 9.
LaTeX Font Info:    ... okay on input line 9.
LaTeX Font Info:    Checking defaults for OMS/cmsy/m/n on input line 9.
LaTeX Font Info:    ... okay on input line 9.
LaTeX Font Info:    Checking defaults for OMX/cmex/m/n on input line 9.
LaTeX Font Info:    ... okay on input line 9.
LaTeX Font Info:    Checking defaults for U/cmr/m/n on input line 9.
LaTeX Font Info:    ... okay on input line 9.
LaTeX Font Info:    Checking defaults for PD1/pdf/m/n on input line 9.
LaTeX Font Info:    ... okay on input line 9.
LaTeX Font Info:    Try loading font information for OT1+ptm on input line 9.
 ("C:\Program Files\MiKTeX\tex\latex\psnfss\ot1ptm.fd"
File: ot1ptm.fd 2001/06/04 font definitions for OT1/ptm.
)
*geometry* detected driver: pdftex
*geometry* verbose mode - [ preamble ] result:
* driver: pdftex
* paper: <default>
* layout: <same size as paper>
* layoutoffset:(h,v)=(0.0pt,0.0pt)
* modes: twoside 
* h-part:(L,W,R)=(71.13188pt, 472.03123pt, 71.13188pt)
* v-part:(T,H,B)=(76.82243pt, 632.78929pt, 85.35826pt)
* \paperwidth=614.295pt
* \paperheight=794.96999pt
* \textwidth=472.03123pt
* \textheight=632.78929pt
* \oddsidemargin=-1.1381pt
* \evensidemargin=-1.1381pt
* \topmargin=-27.32135pt
* \headheight=12.0pt
* \headsep=19.8738pt
* \topskip=12.0pt
* \footskip=30.0pt
* \marginparwidth=98.0pt
* \marginparsep=7.0pt
* \columnsep=10.0pt
* \skip\footins=10.8pt plus 4.0pt minus 2.0pt
* \hoffset=0.0pt
* \voffset=0.0pt
* \mag=1000
* \@twocolumnfalse
* \@twosidetrue
* \@mparswitchtrue
* \@reversemarginfalse
* (1in=72.27pt=25.4mm, 1cm=28.453pt)

("C:\Program Files\MiKTeX\tex\context\base\supp-pdf.mkii"
[Loading MPS to PDF converter (version 2006.09.02).]
\scratchcounter=\count123
\scratchdimen=\dimen134
\scratchbox=\box34
\nofMPsegments=\count124
\nofMParguments=\count125
\everyMPshowfont=\toks32
\MPscratchCnt=\count126
\MPscratchDim=\dimen135
\MPnumerator=\count127
\makeMPintoPDFobject=\count128
\everyMPtoPDFconversion=\toks33
)
\AtBeginShipoutBox=\box35
Package hyperref Info: Link coloring ON on input line 9.
 ("C:\Program Files\MiKTeX\tex\latex\hyperref\nameref.sty"
Package: nameref 2012/10/27 v2.43 Cross-referencing by name of section

("C:\Program Files\MiKTeX\tex\generic\oberdiek\gettitlestring.sty"
Package: gettitlestring 2010/12/03 v1.4 Cleanup title references (HO)
)
\c@section@level=\count129
)
LaTeX Info: Redefining \ref on input line 9.
LaTeX Info: Redefining \pageref on input line 9.
LaTeX Info: Redefining \nameref on input line 9.
 (main.out) (main.out)
\@outlinefile=\write5
Package caption Info: Begin \AtBeginDocument code.
Package caption Info: float package is loaded.
Package caption Info: longtable package is loaded.
 ("C:\Program Files\MiKTeX\tex\latex\caption\ltcaption.sty"
Package: ltcaption 2013/02/03 v1.3-62 longtable captions (AR)
)
Package caption Info: End \AtBeginDocument code.

(dedication.tex [1

{C:/ProgramData/MiKTeX/2.9/pdftex/config/pdftex.map}]
[2

]) (summary.tex
LaTeX Font Info:    Font shape `OT1/ptm/bx/n' in size <17.28> not available
(Font)              Font shape `OT1/ptm/b/n' tried instead on input line 14.
LaTeX Font Info:    Font shape `OT1/ptm/bx/n' in size <24.88> not available
(Font)              Font shape `OT1/ptm/b/n' tried instead on input line 14.
LaTeX Font Info:    Try loading font information for U+msa on input line 16.
 ("C:\Program Files\MiKTeX\tex\latex\amsfonts\umsa.fd"
File: umsa.fd 2013/01/14 v3.01 AMS symbols A
)
LaTeX Font Info:    Try loading font information for U+msb on input line 16.

("C:\Program Files\MiKTeX\tex\latex\amsfonts\umsb.fd"
File: umsb.fd 2013/01/14 v3.01 AMS symbols B
)
LaTeX Font Info:    Try loading font information for U+rsfs on input line 16.

("C:\Program Files\MiKTeX\tex\latex\jknappen\ursfs.fd"
File: ursfs.fd 1998/03/24 rsfs font definition file (jk)
)
Underfull \hbox (badness 10000) in paragraph at lines 16--17

 []

[1

]) (preface.tex
Underfull \hbox (badness 10000) in paragraph at lines 3--4

 []

[2

]) (list.tex (main.toc
LaTeX Font Info:    Font shape `OT1/ptm/bx/n' in size <12> not available
(Font)              Font shape `OT1/ptm/b/n' tried instead on input line 1.
 [3


] [4]
Missing character: There is no ‚ in font ptmr7t!
Missing character: There is no Ä in font ptmr7t!
Missing character: There is no ô in font ptmr7t!
 [5])
\tf@toc=\write6
 [6] (main.lot)
\tf@lot=\write7
 [7


] [8


] (main.lof)
\tf@lof=\write8

[9]) (abbreviations.tex
Underfull \hbox (badness 10000) in paragraph at lines 3--4

 []

[10

]) (chapter1.tex
Chapter 1.
LaTeX Font Info:    Try loading font information for OT1+phv on input line 3.
("C:\Program Files\MiKTeX\tex\latex\psnfss\ot1phv.fd"
File: ot1phv.fd 2001/06/04 scalable font definitions for OT1/phv.
)
LaTeX Font Info:    Try loading font information for OT1+pcr on input line 9.

("C:\Program Files\MiKTeX\tex\latex\psnfss\ot1pcr.fd"
File: ot1pcr.fd 2001/06/04 font definitions for OT1/pcr.
)
<fig/pikachu.jpg, id=596, 217.81375pt x 232.87pt>
File: fig/pikachu.jpg Graphic file (type jpg)
 <use fig/pikachu.jpg>
Package pdftex.def Info: fig/pikachu.jpg used on input line 44.
(pdftex.def)             Requested size: 236.01561pt x 252.3273pt.
LaTeX Font Info:    Font shape `OT1/ptm/bx/n' in size <10.95> not available
(Font)              Font shape `OT1/ptm/b/n' tried instead on input line 45.


LaTeX Warning: `!h' float specifier changed to `!ht'.

pdfTeX warning (ext4): destination with the same identifier (name{page.1}) has 
been already used, duplicate ignored
<to be read again> 
                   \relax 
l.61 \begin{verbatim}
                      [1


]

Package Fancyhdr Warning: \headheight is too small (12.0pt): 
 Make it at least 14.49998pt.
 We now make it that large for the rest of the document.
 This may cause the page layout to be inconsistent, however.

pdfTeX warning (ext4): destination with the same identifier (name{page.2}) has 
been already used, duplicate ignored
<to be read again> 
                   \relax 
l.88 \end{verbatim}
                    [2 <./fig/pikachu.jpg>] [3] [4

]) (chapter2.tex
Chapter 2.
[5

] [6

]) (chapter3.tex
Chapter 3.
[7

] [8

]) (chapter4.tex
Chapter 4.
[9

] [10

]) (chapter5.tex
Chapter 5.
[11

] [12

]) (chapter6.tex
Chapter 6.
[13

] [14

]) (abstract.tex
Underfull \hbox (badness 10000) in paragraph at lines 3--4

 []

[15] [16

]) (introduction.tex
Chapter 7.
Missing character: There is no ‚ in font ptmr7t!
Missing character: There is no Ä in font ptmr7t!
Missing character: There is no ô in font ptmr7t!
LaTeX Font Info:    Font shape `OT1/ptm/bx/n' in size <14.4> not available
(Font)              Font shape `OT1/ptm/b/n' tried instead on input line 9.
Missing character: There is no √ in font ptmr7t!
Missing character: There is no ∏ in font ptmr7t!
Missing character: There is no √ in font ptmr7t!
Missing character: There is no ∏ in font ptmr7t!
Missing character: There is no √ in font ptmr7t!
Missing character: There is no ¶ in font ptmr7t!
Missing character: There is no √ in font ptmr7t!
Missing character: There is no ∏ in font ptmr7t!
[17

] [18]) (pre-study.tex
Chapter 8.
LaTeX Font Info:    Try loading font information for OMS+ptm on input line 13.
("C:\Program Files\MiKTeX\tex\latex\psnfss\omsptm.fd"
File: omsptm.fd 
)
LaTeX Font Info:    Font shape `OMS/ptm/m/n' in size <12> not available
(Font)              Font shape `OMS/cmsy/m/n' tried instead on input line 13.
 [19


]
Underfull \hbox (badness 10000) in paragraph at lines 33--34

 []


Underfull \hbox (badness 10000) in paragraph at lines 41--41
[]\OT1/ptm/b/n/12 PhoneGap w/
 []


Underfull \hbox (badness 10000) in paragraph at lines 45--45
\OT1/ptm/m/n/12 also pro-vides
 []


Underfull \hbox (badness 10000) in paragraph at lines 45--45
\OT1/ptm/m/n/12 a per-for-mance
 []


Underfull \hbox (badness 10000) in paragraph at lines 45--45
\OT1/ptm/m/n/12 pro-vides di-rect
 []


Underfull \hbox (badness 2495) in paragraph at lines 45--45
\OT1/ptm/m/n/12 ac-cess to na-tive
 []


Underfull \hbox (badness 10000) in paragraph at lines 45--45
\OT1/ptm/m/n/12 performance- fo-cused
 []


Underfull \hbox (badness 10000) in paragraph at lines 47--47
[]\OT1/ptm/m/n/12 HTML5, CSS,
 []


Underfull \hbox (badness 10000) in paragraph at lines 47--47
\OT1/ptm/m/n/12 Javascript with
 []


Underfull \hbox (badness 10000) in paragraph at lines 47--47
[]\OT1/ptm/m/n/12 HTML5, CSS,
 []


Overfull \hbox (31.21283pt too wide) in paragraph at lines 39--49
 [] 
 []


LaTeX Warning: `!h' float specifier changed to `!ht'.

Missing character: There is no ¬ in font ptmr7t!
Missing character: There is no ´ in font ptmr7t!
Missing character: There is no ¬ in font ptmr7t!
Missing character: There is no ª in font ptmr7t!
[20]
Missing character: There is no ‚ in font ptmr7t!
Missing character: There is no Ä in font ptmr7t!
Missing character: There is no ô in font ptmr7t!
 [21]
Missing character: There is no ‚ in font ptmr7t!
Missing character: There is no Ä in font ptmr7t!
Missing character: There is no ô in font ptmr7t!
Missing character: There is no ‚ in font ptmr7t!
Missing character: There is no Ä in font ptmr7t!
Missing character: There is no ô in font ptmr7t!

Underfull \hbox (badness 10000) in paragraph at lines 78--79

 []


Overfull \hbox (64.72447pt too wide) in paragraph at lines 82--93
 [] 
 []

[22]
Missing character: There is no ‚ in font ptmr7t!
Missing character: There is no Ä in font ptmr7t!
Missing character: There is no ô in font ptmr7t!

Underfull \vbox (badness 2020) has occurred while \output is active []

 [23]
Missing character: There is no ‚ in font ptmr7t!
Missing character: There is no Ä in font ptmr7t!
Missing character: There is no ô in font ptmr7t!
Missing character: There is no ‚ in font ptmr7t!
Missing character: There is no Ä in font ptmr7t!
Missing character: There is no ô in font ptmr7t!
Missing character: There is no ‚ in font ptmr7t!
Missing character: There is no Ä in font ptmr7t!
Missing character: There is no ô in font ptmr7t!
Missing character: There is no ‚ in font ptmr7t!
Missing character: There is no Ä in font ptmr7t!
Missing character: There is no ô in font ptmr7t!
Missing character: There is no ‚ in font ptmr7t!
Missing character: There is no Ä in font ptmr7t!
Missing character: There is no ô in font ptmr7t!
Missing character: There is no ‚ in font ptmr7t!
Missing character: There is no Ä in font ptmr7t!
Missing character: There is no ô in font ptmr7t!

[24]
Missing character: There is no ‚ in font ptmr7t!
Missing character: There is no Ä in font ptmr7t!
Missing character: There is no ô in font ptmr7t!
Missing character: There is no ‚ in font ptmr7t!
Missing character: There is no Ä in font ptmr7t!
Missing character: There is no ô in font ptmr7t!

Underfull \hbox (badness 10000) in paragraph at lines 137--138

 []

Missing character: There is no ‚ in font ptmr7t!
Missing character: There is no Ä in font ptmr7t!
Missing character: There is no ô in font ptmr7t!
Missing character: There is no ‚ in font ptmr7t!
Missing character: There is no Ä in font ptmr7t!
Missing character: There is no ô in font ptmr7t!
Missing character: There is no ‚ in font ptmr7t!
Missing character: There is no Ä in font ptmr7t!
Missing character: There is no ô in font ptmr7t!

Underfull \hbox (badness 10000) in paragraph at lines 148--149

 []

[25]
Missing character: There is no ‚ in font ptmr7t!
Missing character: There is no Ä in font ptmr7t!
Missing character: There is no ô in font ptmr7t!
Missing character: There is no ‚ in font ptmr7t!
Missing character: There is no Ä in font ptmr7t!
Missing character: There is no ú in font ptmr7t!
Missing character: There is no ‚ in font ptmr7t!
Missing character: There is no Ä in font ptmr7t!
Missing character: There is no ù in font ptmr7t!
Missing character: There is no ‚ in font ptmr7t!
Missing character: There is no Ä in font ptmr7t!
Missing character: There is no ô in font ptmr7t!

Underfull \hbox (badness 10000) in paragraph at lines 150--151

 []

Missing character: There is no ‚ in font ptmr7t!
Missing character: There is no Ä in font ptmr7t!
Missing character: There is no ô in font ptmr7t!
Missing character: There is no ‚ in font ptmr7t!
Missing character: There is no Ä in font ptmr7t!
Missing character: There is no ú in font ptmr7t!
Missing character: There is no ‚ in font ptmr7t!
Missing character: There is no Ä in font ptmr7t!
Missing character: There is no ù in font ptmr7t!
Missing character: There is no ‚ in font ptmr7t!
Missing character: There is no Ä in font ptmr7t!
Missing character: There is no ú in font ptmr7t!
Missing character: There is no ‚ in font ptmr7t!
Missing character: There is no Ä in font ptmr7t!
Missing character: There is no ù in font ptmr7t!

Underfull \hbox (badness 10000) in paragraph at lines 154--155

 []

Missing character: There is no ‚ in font ptmr7t!
Missing character: There is no Ä in font ptmr7t!
Missing character: There is no ô in font ptmr7t!

Underfull \hbox (badness 10000) in paragraph at lines 156--157

 []

[26]
Missing character: There is no ‚ in font ptmr7t!
Missing character: There is no Ä in font ptmr7t!
Missing character: There is no ô in font ptmr7t!

Underfull \hbox (badness 10000) in paragraph at lines 162--163

 []


Underfull \hbox (badness 10000) in paragraph at lines 164--165

 []

Missing character: There is no ‚ in font ptmr7t!
Missing character: There is no Ä in font ptmr7t!
Missing character: There is no ô in font ptmr7t!

Underfull \hbox (badness 10000) in paragraph at lines 169--170

 []


Underfull \hbox (badness 10000) in paragraph at lines 171--172

 []

Missing character: There is no ‚ in font ptmr7t!
Missing character: There is no Ä in font ptmr7t!
Missing character: There is no ú in font ptmr7t!
Missing character: There is no ‚ in font ptmr7t!
Missing character: There is no Ä in font ptmr7t!
Missing character: There is no ù in font ptmr7t!
[27]
Underfull \hbox (badness 10000) in paragraph at lines 177--178

 []

Missing character: There is no ‚ in font ptmr7t!
Missing character: There is no Ä in font ptmr7t!
Missing character: There is no ô in font ptmr7t!

Underfull \hbox (badness 10000) in paragraph at lines 179--180

 []

Missing character: There is no ‚ in font ptmr7t!
Missing character: There is no Ä in font ptmr7t!
Missing character: There is no ù in font ptmr7t!
Missing character: There is no ‚ in font ptmr7t!
Missing character: There is no Ñ in font ptmr7t!
Missing character: There is no É in font ptmr7t!
Missing character: There is no ‚ in font ptmr7t!
Missing character: There is no Ä in font ptmr7t!
Missing character: There is no ù in font ptmr7t!
[28]) (projectmanagement.tex
Chapter 9.

Underfull \hbox (badness 4316) in paragraph at lines 18--18
[]\OT1/ptm/m/n/10.95 Jacqueline Floch
 []


Underfull \hbox (badness 10000) in paragraph at lines 20--20
[]\OT1/ptm/m/n/10.95 Hanne Marie,
 []


Underfull \hbox (badness 10000) in paragraph at lines 20--20
\OT1/ptm/m/n/10.95 Eivind, Kjer-sti,
 []


Underfull \hbox (badness 10000) in paragraph at lines 22--22
[]\OT1/ptm/m/n/10.95 Interaction be-tween
 []

Missing character: There is no ‚ in font ptmr7t!
Missing character: There is no Ä in font ptmr7t!
Missing character: There is no ô in font ptmr7t!

Underfull \hbox (badness 10000) in paragraph at lines 30--30
[]\OT1/ptm/m/n/10.95 Ragnhild, Roar,
 []

Missing character: There is no ‚ in font ptmr7t!
Missing character: There is no Ä in font ptmr7t!
Missing character: There is no ô in font ptmr7t!
Missing character: There is no ‚ in font ptmr7t!
Missing character: There is no Ä in font ptmr7t!
Missing character: There is no ô in font ptmr7t!

Overfull \hbox (47.6656pt too wide) in paragraph at lines 14--46
 [][] 
 []


LaTeX Warning: `!h' float specifier changed to `!ht'.

Missing character: There is no ‚ in font ptmr7t!
Missing character: There is no Ä in font ptmr7t!
Missing character: There is no ô in font ptmr7t!

Underfull \hbox (badness 10000) in paragraph at lines 52--53

 []


Underfull \hbox (badness 10000) in paragraph at lines 56--57

 []

[29


]
Underfull \vbox (badness 10000) has occurred while \output is active []

 [30]
Underfull \hbox (badness 10000) in paragraph at lines 60--61

 []


Underfull \hbox (badness 10000) in paragraph at lines 62--63

 []

Missing character: There is no ‚ in font ptmr7t!
Missing character: There is no Ä in font ptmr7t!
Missing character: There is no ú in font ptmr7t!
Missing character: There is no ‚ in font ptmr7t!
Missing character: There is no Ä in font ptmr7t!
Missing character: There is no ù in font ptmr7t!
Missing character: There is no ‚ in font ptmr7t!
Missing character: There is no Ä in font ptmr7t!
Missing character: There is no ú in font ptmr7t!
Missing character: There is no ‚ in font ptmr7t!
Missing character: There is no Ä in font ptmr7t!
Missing character: There is no ù in font ptmr7t!

Underfull \hbox (badness 10000) in paragraph at lines 75--76

 []


Underfull \hbox (badness 10000) in paragraph at lines 81--82

 []

[31]
Underfull \hbox (badness 10000) in paragraph at lines 83--84

 []


Underfull \hbox (badness 10000) in paragraph at lines 93--94

 []

[32] [33] [34

]) (riskmanagement.tex
Chapter 10.

Underfull \hbox (badness 10000) in paragraph at lines 5--6

 []


Underfull \hbox (badness 10000) in paragraph at lines 14--14
[]\OT1/ptm/b/n/10.95 Likelihood
 []


Underfull \hbox (badness 10000) in paragraph at lines 14--14
[]\OT1/ptm/b/n/10.95 Impact
 []


Underfull \hbox (badness 10000) in paragraph at lines 14--14
[]\OT1/ptm/b/n/10.95 Importance
 []


Underfull \hbox (badness 10000) in paragraph at lines 14--14
\OT1/ptm/b/n/10.95 (Like-li-hood
 []


Underfull \hbox (badness 10000) in paragraph at lines 16--16
[]\OT1/ptm/m/n/10.95 Underestimate the
 []


Underfull \hbox (badness 2351) in paragraph at lines 16--16
\OT1/ptm/m/n/10.95 time planned to use
 []


Underfull \hbox (badness 10000) in paragraph at lines 16--16
[]\OT1/ptm/m/n/10.95 Estimate a lit-tle
 []


Underfull \hbox (badness 4886) in paragraph at lines 16--16
\OT1/ptm/m/n/10.95 higher. con-tin-u-ous
 []


Underfull \hbox (badness 1635) in paragraph at lines 18--18
\OT1/ptm/m/n/10.95 can-not max-i-mize the
 []


Underfull \hbox (badness 3792) in paragraph at lines 18--18
\OT1/ptm/m/n/10.95 re-port meet the de-
 []


Underfull \hbox (badness 10000) in paragraph at lines 18--18
[]\OT1/ptm/m/n/10.95 Ask con-crete ques-
 []


Underfull \hbox (badness 10000) in paragraph at lines 18--18
\OT1/ptm/m/n/10.95 or other com-pe-tent
 []


Underfull \hbox (badness 2980) in paragraph at lines 18--18
\OT1/ptm/m/n/10.95 ac-quain-tances of the
 []


Underfull \hbox (badness 6284) in paragraph at lines 20--20
\OT1/ptm/m/n/10.95 and talk with each
 []


Underfull \hbox (badness 2680) in paragraph at lines 22--22
[]\OT1/ptm/m/n/10.95 Be pre-pared for su-
 []


Underfull \hbox (badness 10000) in paragraph at lines 22--22
\OT1/ptm/m/n/10.95 per-vi-sor meet-ings.
 []


Underfull \hbox (badness 10000) in paragraph at lines 22--22
\OT1/ptm/m/n/10.95 Pre-pare con-crete
 []


Underfull \hbox (badness 3679) in paragraph at lines 24--24
[]\OT1/ptm/m/n/10.95 Project com-plex-ity /
 []


Underfull \hbox (badness 7704) in paragraph at lines 24--24
[]\OT1/ptm/m/n/10.95 Do not plan many
 []


Underfull \hbox (badness 10000) in paragraph at lines 26--26
[]\OT1/ptm/m/n/10.95 Poor com-mu-ni-ca-tion
 []


Underfull \hbox (badness 10000) in paragraph at lines 26--26
\OT1/ptm/m/n/10.95 with the cus-tomer
 []


Underfull \hbox (badness 2173) in paragraph at lines 26--26
\OT1/ptm/m/n/10.95 lead-ing to mis-un-der-
 []


Underfull \hbox (badness 1297) in paragraph at lines 26--26
\OT1/ptm/m/n/10.95 stand-ings and doubts
 []


Underfull \hbox (badness 2478) in paragraph at lines 26--26
\OT1/ptm/m/n/10.95 fore-hand. Es-tab-lish
 []


Underfull \hbox (badness 3792) in paragraph at lines 26--26
\OT1/ptm/m/n/10.95 to the cus-tomer for
 []


Underfull \hbox (badness 4168) in paragraph at lines 26--26
\OT1/ptm/m/n/10.95 Co-op-er-ate with cus-
 []


Underfull \hbox (badness 4168) in paragraph at lines 26--26
\OT1/ptm/m/n/10.95 tomer to repri-or-i-tize
 []


Underfull \hbox (badness 10000) in paragraph at lines 28--28
[]\OT1/ptm/m/n/10.95 Poor com-mu-ni-ca-tion
 []


Underfull \hbox (badness 10000) in paragraph at lines 28--28
\OT1/ptm/m/n/10.95 within the group
 []


Underfull \hbox (badness 2173) in paragraph at lines 28--28
\OT1/ptm/m/n/10.95 lead-ing to mis-un-der-
 []


Underfull \hbox (badness 1297) in paragraph at lines 28--28
\OT1/ptm/m/n/10.95 stand-ings and doubts
 []


Underfull \hbox (badness 2790) in paragraph at lines 28--28
\OT1/ptm/m/n/10.95 Have fre-quent meet-
 []


Underfull \hbox (badness 2980) in paragraph at lines 28--28
\OT1/ptm/m/n/10.95 they have done and
 []


Underfull \hbox (badness 10000) in paragraph at lines 32--32
[]\OT1/ptm/m/n/10.95 Absence of group
 []


Underfull \hbox (badness 10000) in paragraph at lines 32--32
\OT1/ptm/m/n/10.95 mem-ber(s) over a
 []


Underfull \hbox (badness 1728) in paragraph at lines 32--32
\OT1/ptm/m/n/10.95 take over the ab-sent
 []


Underfull \hbox (badness 1552) in paragraph at lines 32--32
\OT1/ptm/m/n/10.95 halted by a per-son's
 []


Underfull \hbox (badness 1286) in paragraph at lines 32--32
\OT1/ptm/m/n/10.95 ab-sence, other group
 []


Underfull \hbox (badness 1112) in paragraph at lines 34--34
\OT1/ptm/m/n/10.95 torted. Some mem-
 []


Underfull \hbox (badness 1515) in paragraph at lines 34--34
[]\OT1/ptm/m/n/10.95 Continuous meet-ings,
 []


Underfull \hbox (badness 3536) in paragraph at lines 34--34
\OT1/ptm/m/n/10.95 team mem-bers del-e-
 []


Underfull \hbox (badness 2671) in paragraph at lines 36--36
[]\OT1/ptm/m/n/10.95 Poor choice of pro-
 []


Underfull \hbox (badness 6001) in paragraph at lines 36--36
\OT1/ptm/m/n/10.95 be-comes dif-fi-cult to
 []


Underfull \hbox (badness 4872) in paragraph at lines 36--36
\OT1/ptm/m/n/10.95 pro-duce the prod-uct
 []


Underfull \hbox (badness 10000) in paragraph at lines 36--36
[]\OT1/ptm/m/n/10.95 Reevaluate non-
 []


Underfull \hbox (badness 10000) in paragraph at lines 36--36
\OT1/ptm/m/n/10.95 functional re-quire-
 []


Underfull \hbox (badness 10000) in paragraph at lines 36--36
\OT1/ptm/m/n/10.95 ments with the
 []


Underfull \hbox (badness 6332) in paragraph at lines 40--40
[]\OT1/ptm/m/n/10.95 Restore lat-est avail-
 []


Underfull \hbox (badness 10000) in paragraph at lines 42--42
[]\OT1/ptm/m/n/10.95 Disagreement within
 []


Underfull \hbox (badness 10000) in paragraph at lines 42--42
\OT1/ptm/m/n/10.95 the group on key
 []


Underfull \hbox (badness 2818) in paragraph at lines 42--42
\OT1/ptm/m/n/10.95 cuss key is-sues and
 []


Underfull \hbox (badness 2205) in paragraph at lines 42--42
\OT1/ptm/m/n/10.95 fi-nal. Make demo-
 []


Underfull \hbox (badness 10000) in paragraph at lines 42--42
[]\OT1/ptm/m/n/10.95 If the dis-agree-ment
 []


Underfull \hbox (badness 10000) in paragraph at lines 42--42
\OT1/ptm/m/n/10.95 can-not be solved,
 []


Underfull \hbox (badness 1199) in paragraph at lines 42--42
\OT1/ptm/m/n/10.95 one may in-volve the
 []


Underfull \hbox (badness 1194) in paragraph at lines 44--44
\OT1/ptm/m/n/10.95 for the team so that
 []


Underfull \hbox (badness 10000) in paragraph at lines 44--44
[]\OT1/ptm/m/n/10.95 First try to solve
 []


Underfull \hbox (badness 4168) in paragraph at lines 44--44
\OT1/ptm/m/n/10.95 the con-flict be-tween
 []


Underfull \hbox (badness 10000) in paragraph at lines 44--44
\OT1/ptm/m/n/10.95 the group mem-bers
 []


Underfull \hbox (badness 1281) in paragraph at lines 44--44
\OT1/ptm/m/n/10.95 in ques-tion. If this
 []


Underfull \hbox (badness 2080) in paragraph at lines 48--48
\OT1/ptm/m/n/10.95 ments so it is clear
 []


Underfull \hbox (badness 5133) in paragraph at lines 48--48
\OT1/ptm/m/n/10.95 how much ef-fort it
 []


Underfull \hbox (badness 7415) in paragraph at lines 48--48
\OT1/ptm/m/n/10.95 time con-sum-ing as-
 []


Underfull \hbox (badness 2790) in paragraph at lines 50--50
[]\OT1/ptm/m/n/10.95 Have fre-quent meet-
 []


Underfull \hbox (badness 2460) in paragraph at lines 52--52
[]\OT1/ptm/m/n/10.95 Product is not user-
 []


Underfull \hbox (badness 10000) in paragraph at lines 54--54
[]\OT1/ptm/m/n/10.95 Technical is-
 []


Overfull \hbox (55.21281pt too wide) in paragraph at lines 12--56
 [][] 
 []


LaTeX Warning: Float too large for page by 868.4109pt on input line 58.


LaTeX Warning: `!h' float specifier changed to `!ht'.

[35

] [36]) (requirementspecification.tex
Chapter 11.

Underfull \hbox (badness 10000) in paragraph at lines 13--14

 []


Underfull \hbox (badness 10000) in paragraph at lines 15--16

 []


Underfull \hbox (badness 10000) in paragraph at lines 17--18

 []

[37


]
Missing character: There is no ‚ in font ptmr7t!
Missing character: There is no Ä in font ptmr7t!
Missing character: There is no ô in font ptmr7t!

Underfull \hbox (badness 10000) in paragraph at lines 19--20

 []


Underfull \hbox (badness 10000) in paragraph at lines 21--22

 []

Missing character: There is no ‚ in font ptmr7t!
Missing character: There is no Ä in font ptmr7t!
Missing character: There is no ú in font ptmr7t!
Missing character: There is no ‚ in font ptmr7t!
Missing character: There is no Ä in font ptmr7t!
Missing character: There is no ù in font ptmr7t!
Missing character: There is no ‚ in font ptmr7t!
Missing character: There is no Ä in font ptmr7t!
Missing character: There is no ô in font ptmr7t!

Underfull \hbox (badness 10000) in paragraph at lines 23--24

 []


Underfull \hbox (badness 10000) in paragraph at lines 25--26

 []


Underfull \hbox (badness 10000) in paragraph at lines 27--28

 []


Underfull \hbox (badness 10000) in paragraph at lines 29--30

 []


Underfull \hbox (badness 10000) in paragraph at lines 31--32

 []


Underfull \hbox (badness 10000) in paragraph at lines 35--36

 []


Underfull \hbox (badness 10000) in paragraph at lines 37--38

 []

[38]
Underfull \hbox (badness 10000) in paragraph at lines 52--53

 []


Underfull \hbox (badness 10000) in paragraph at lines 56--57

 []

Missing character: There is no ‚ in font ptmr7t!
Missing character: There is no Ä in font ptmr7t!
Missing character: There is no ô in font ptmr7t!

Underfull \hbox (badness 10000) in paragraph at lines 58--59

 []

[39]
Underfull \hbox (badness 10000) in paragraph at lines 60--61

 []

Missing character: There is no ‚ in font ptmr7t!
Missing character: There is no Ä in font ptmr7t!
Missing character: There is no ô in font ptmr7t!
[40]) (designandarchitecture.tex
Chapter 12.

Underfull \hbox (badness 10000) in paragraph at lines 11--12

 []


Underfull \hbox (badness 10000) in paragraph at lines 19--20

 []


Underfull \vbox (badness 4634) has occurred while \output is active []

 [41


]
Underfull \hbox (badness 10000) in paragraph at lines 21--22

 []


Underfull \hbox (badness 10000) in paragraph at lines 25--26

 []

Missing character: There is no ‚ in font ptmr7t!
Missing character: There is no Ä in font ptmr7t!
Missing character: There is no ú in font ptmr7t!
Missing character: There is no ‚ in font ptmr7t!
Missing character: There is no Ä in font ptmr7t!
Missing character: There is no ù in font ptmr7t!

Underfull \hbox (badness 10000) in paragraph at lines 33--35

 []

[42]
Missing character: There is no ‚ in font ptmr7t!
Missing character: There is no Ä in font ptmr7t!
Missing character: There is no ô in font ptmr7t!

Underfull \hbox (badness 10000) in paragraph at lines 43--44

 []


Underfull \hbox (badness 10000) in paragraph at lines 47--48

 []

Missing character: There is no ‚ in font ptmr7t!
Missing character: There is no Ä in font ptmr7t!
Missing character: There is no ú in font ptmr7t!
Missing character: There is no ‚ in font ptmr7t!
Missing character: There is no Ä in font ptmr7t!
Missing character: There is no ù in font ptmr7t!

Underfull \hbox (badness 10000) in paragraph at lines 52--53

 []

Missing character: There is no ‚ in font ptmr7t!
Missing character: There is no Ä in font ptmr7t!
Missing character: There is no ú in font ptmr7t!
Missing character: There is no ‚ in font ptmr7t!
Missing character: There is no Ä in font ptmr7t!
Missing character: There is no ù in font ptmr7t!
[43]
Underfull \hbox (badness 10000) in paragraph at lines 57--58

 []

Missing character: There is no √ in font ptmr7t!
Missing character: There is no ∏ in font ptmr7t!
Missing character: There is no √ in font ptmr7t!
Missing character: There is no • in font ptmr7t!
Missing character: There is no √ in font ptmr7t!
Missing character: There is no ∏ in font ptmr7t!
Missing character: There is no √ in font ptmr7t!
Missing character: There is no • in font ptmr7t!
Missing character: There is no ¬ in font ptmr7t!
Missing character: There is no ´ in font ptmr7t!
Missing character: There is no √ in font ptmr7t!
Missing character: There is no ∏ in font ptmr7t!
Missing character: There is no √ in font ptmr7t!
Missing character: There is no ∏ in font ptmr7t!
Missing character: There is no ¬ in font ptmr7t!
Missing character: There is no ª in font ptmr7t!
Missing character: There is no ¬ in font ptmr7t!
Missing character: There is no ´ in font ptmr7t!
Missing character: There is no √ in font ptmr7t!
Missing character: There is no ¶ in font ptmr7t!
Missing character: There is no ¬ in font ptmr7t!
Missing character: There is no ª in font ptmr7t!
Missing character: There is no ¬ in font ptmr7t!
Missing character: There is no ´ in font ptmr7t!
Missing character: There is no ¬ in font ptmr7t!
Missing character: There is no ª in font ptmr7t!
Missing character: There is no √ in font ptmr7t!
Missing character: There is no • in font ptmr7t!

Overfull \hbox (35.6656pt too wide) in paragraph at lines 67--79
 [] 
 []


LaTeX Warning: `!h' float specifier changed to `!ht'.

Missing character: There is no ‚ in font ptmb7t!
Missing character: There is no Ä in font ptmb7t!
Missing character: There is no ô in font ptmb7t!
Missing character: There is no √ in font ptmr7t!
Missing character: There is no ∏ in font ptmr7t!
Missing character: There is no √ in font ptmr7t!
Missing character: There is no ∏ in font ptmr7t!
Missing character: There is no √ in font ptmr7t!
Missing character: There is no ∏ in font ptmr7t!

Underfull \hbox (badness 10000) in paragraph at lines 90--91

 []

[44] [45] [46

]) (tools.tex
Chapter 13.
Missing character: There is no ‚ in font ptmr7t!
Missing character: There is no Ä in font ptmr7t!
Missing character: There is no ô in font ptmr7t!
[47

]
Underfull \hbox (badness 10000) in paragraph at lines 20--21

 []

Missing character: There is no ‚ in font ptmr7t!
Missing character: There is no Ä in font ptmr7t!
Missing character: There is no ô in font ptmr7t!
Missing character: There is no ‚ in font ptmr7t!
Missing character: There is no Ä in font ptmr7t!
Missing character: There is no ô in font ptmr7t!
Missing character: There is no ‚ in font ptmr7t!
Missing character: There is no Ä in font ptmr7t!
Missing character: There is no ô in font ptmr7t!
Missing character: There is no ‚ in font ptmr7t!
Missing character: There is no Ä in font ptmr7t!
Missing character: There is no ô in font ptmr7t!
[48] [49] [50

]) (implementation.tex
Chapter 14.

Underfull \hbox (badness 10000) in paragraph at lines 11--12

 []


Underfull \hbox (badness 10000) in paragraph at lines 13--14

 []

Missing character: There is no ‚ in font ptmr7t!
Missing character: There is no Ä in font ptmr7t!
Missing character: There is no ú in font ptmr7t!
Missing character: There is no ‚ in font ptmr7t!
Missing character: There is no Ä in font ptmr7t!
Missing character: There is no ù in font ptmr7t!

Underfull \hbox (badness 10000) in paragraph at lines 15--16

 []


Underfull \hbox (badness 10000) in paragraph at lines 17--18

 []

[51

]
Missing character: There is no ‚ in font ptmr7t!
Missing character: There is no Ä in font ptmr7t!
Missing character: There is no ú in font ptmr7t!
Missing character: There is no ‚ in font ptmr7t!
Missing character: There is no Ä in font ptmr7t!
Missing character: There is no ù in font ptmr7t!

Underfull \hbox (badness 10000) in paragraph at lines 23--24

 []

Missing character: There is no ‚ in font ptmr7t!
Missing character: There is no Ä in font ptmr7t!
Missing character: There is no ú in font ptmr7t!
Missing character: There is no ‚ in font ptmr7t!
Missing character: There is no Ä in font ptmr7t!
Missing character: There is no ù in font ptmr7t!

Underfull \hbox (badness 10000) in paragraph at lines 25--26

 []


Underfull \hbox (badness 10000) in paragraph at lines 29--30

 []


Underfull \hbox (badness 10000) in paragraph at lines 37--38

 []

[52]
Underfull \hbox (badness 10000) in paragraph at lines 39--40

 []


Underfull \hbox (badness 10000) in paragraph at lines 41--42

 []

Missing character: There is no ‚ in font ptmr7t!
Missing character: There is no Ä in font ptmr7t!
Missing character: There is no ô in font ptmr7t!

Underfull \hbox (badness 10000) in paragraph at lines 51--53

 []


Underfull \vbox (badness 4168) has occurred while \output is active []

 [53]
[54]) (testing.tex
Chapter 15.

Underfull \hbox (badness 10000) in paragraph at lines 9--10

 []


LaTeX Warning: `!h' float specifier changed to `!ht'.

Missing character: There is no ¬ in font ptmr7t!
Missing character: There is no ¥ in font ptmr7t!

Underfull \hbox (badness 10000) in paragraph at lines 44--46

 []

[55


]
Underfull \hbox (badness 10000) in paragraph at lines 47--48

 []


Underfull \hbox (badness 10000) in paragraph at lines 49--51

 []


Underfull \hbox (badness 10000) in paragraph at lines 60--60
[]\OT1/ptm/b/n/10.95 Test
 []


Underfull \hbox (badness 10000) in paragraph at lines 60--60
\OT1/ptm/b/n/10.95 case
 []

Missing character: There is no ‚ in font ptmr7t!
Missing character: There is no Ä in font ptmr7t!
Missing character: There is no ú in font ptmr7t!
Missing character: There is no ‚ in font ptmr7t!
Missing character: There is no Ä in font ptmr7t!
Missing character: There is no ù in font ptmr7t!
Missing character: There is no ‚ in font ptmr7t!
Missing character: There is no Ä in font ptmr7t!
Missing character: There is no ú in font ptmr7t!
Missing character: There is no ‚ in font ptmr7t!
Missing character: There is no Ä in font ptmr7t!
Missing character: There is no ù in font ptmr7t!

Underfull \hbox (badness 1859) in paragraph at lines 68--69
\OT1/ptm/m/n/10.95 -story with sound
 []

Missing character: There is no ‚ in font ptmr7t!
Missing character: There is no Ä in font ptmr7t!
Missing character: There is no ú in font ptmr7t!
Missing character: There is no ‚ in font ptmr7t!
Missing character: There is no Ä in font ptmr7t!
Missing character: There is no ù in font ptmr7t!
Missing character: There is no ‚ in font ptmr7t!
Missing character: There is no Ä in font ptmr7t!
Missing character: There is no ú in font ptmr7t!
Missing character: There is no ‚ in font ptmr7t!
Missing character: There is no Ä in font ptmr7t!
Missing character: There is no ù in font ptmr7t!

Overfull \hbox (5.71155pt too wide) in paragraph at lines 77--77
[]\OT1/ptm/m/n/10.95 alreadyexistingemail 
 []


Underfull \hbox (badness 2503) in paragraph at lines 83--83
\OT1/ptm/m/n/10.95 pro-duce col-lab-o-ra-tive rec-om-men-da-tions
 []


Overfull \hbox (59.66557pt too wide) in paragraph at lines 58--85
 [][] 
 []


LaTeX Warning: `!h' float specifier changed to `!ht'.


Underfull \hbox (badness 10000) in paragraph at lines 93--94

 []


Underfull \hbox (badness 10000) in paragraph at lines 95--98

 []

[56]
Underfull \vbox (badness 10000) has occurred while \output is active []

 [57]
Underfull \hbox (badness 10000) in paragraph at lines 106--106
[]\OT1/ptm/b/n/12 Test
 []


Underfull \hbox (badness 10000) in paragraph at lines 106--106
\OT1/ptm/b/n/12 case
 []

Missing character: There is no ‚ in font ptmr7t!
Missing character: There is no Ä in font ptmr7t!
Missing character: There is no ù in font ptmr7t!
Missing character: There is no ‚ in font ptmr7t!
Missing character: There is no Ä in font ptmr7t!
Missing character: There is no ù in font ptmr7t!

Overfull \hbox (4.71288pt too wide) in paragraph at lines 108--108
[]\OT1/ptm/m/n/12 newuser@mail.no,
 []


Underfull \hbox (badness 10000) in paragraph at lines 108--108
\OT1/ptm/m/n/12 0,0,1,his-
 []


Underfull \hbox (badness 10000) in paragraph at lines 108--108
\OT1/ptm/m/n/12 tory,literature,
 []


Underfull \hbox (badness 10000) in paragraph at lines 108--108
\OT1/ptm/m/n/12 tech-nol-ogy.
 []

Missing character: There is no ‚ in font ptmr7t!
Missing character: There is no Ä in font ptmr7t!
Missing character: There is no ú in font ptmr7t!
Missing character: There is no ‚ in font ptmr7t!
Missing character: There is no Ä in font ptmr7t!
Missing character: There is no ù in font ptmr7t!
Missing character: There is no ‚ in font ptmr7t!
Missing character: There is no Ä in font ptmr7t!
Missing character: There is no ù in font ptmr7t!
Missing character: There is no ‚ in font ptmr7t!
Missing character: There is no Ä in font ptmr7t!
Missing character: There is no ù in font ptmr7t!

Overfull \hbox (4.71288pt too wide) in paragraph at lines 110--110
[]\OT1/ptm/m/n/12 newuser@mail.no,
 []


Underfull \hbox (badness 10000) in paragraph at lines 110--110
\OT1/ptm/m/n/12 0,0,1,his-
 []


Underfull \hbox (badness 10000) in paragraph at lines 110--110
\OT1/ptm/m/n/12 tory,literature,
 []


Underfull \hbox (badness 1107) in paragraph at lines 112--112
[]\OT1/ptm/m/n/12 user model with
 []

Missing character: There is no ‚ in font ptmr7t!
Missing character: There is no Ä in font ptmr7t!
Missing character: There is no ú in font ptmr7t!
Missing character: There is no ‚ in font ptmr7t!
Missing character: There is no Ä in font ptmr7t!
Missing character: There is no ù in font ptmr7t!

Underfull \hbox (badness 5954) in paragraph at lines 116--117
[]\OT1/ptm/m/n/12 -usermodel with
 []


Underfull \hbox (badness 3525) in paragraph at lines 119--119
[]\OT1/ptm/m/n/12 ip adress, user-
 []


Underfull \hbox (badness 3148) in paragraph at lines 119--119
\OT1/ptm/m/n/12 name and pass-
 []


Underfull \hbox (badness 10000) in paragraph at lines 121--121
[]\OT1/ptm/m/n/12 datamodel with
 []


Overfull \hbox (59.66557pt too wide) in paragraph at lines 104--123
 [][] 
 []


LaTeX Warning: `!h' float specifier changed to `!ht'.


Underfull \hbox (badness 10000) in paragraph at lines 129--130

 []


Underfull \hbox (badness 10000) in paragraph at lines 131--133

 []


Underfull \hbox (badness 10000) in paragraph at lines 144--145

 []


Underfull \hbox (badness 10000) in paragraph at lines 147--149

 []


Underfull \hbox (badness 10000) in paragraph at lines 150--152

 []

[58]
Underfull \vbox (badness 6608) has occurred while \output is active []

 [59]
Underfull \hbox (badness 10000) in paragraph at lines 153--154

 []

Missing character: There is no ‚ in font ptmr7t!
Missing character: There is no Ä in font ptmr7t!
Missing character: There is no ú in font ptmr7t!
Missing character: There is no ‚ in font ptmr7t!
Missing character: There is no Ä in font ptmr7t!
Missing character: There is no ù in font ptmr7t!
Missing character: There is no ‚ in font ptmr7t!
Missing character: There is no Ä in font ptmr7t!
Missing character: There is no ú in font ptmr7t!
Missing character: There is no ‚ in font ptmr7t!
Missing character: There is no Ä in font ptmr7t!
Missing character: There is no ù in font ptmr7t!
Missing character: There is no ‚ in font ptmr7t!
Missing character: There is no Ä in font ptmr7t!
Missing character: There is no ú in font ptmr7t!
Missing character: There is no ‚ in font ptmr7t!
Missing character: There is no Ä in font ptmr7t!
Missing character: There is no ù in font ptmr7t!
Missing character: There is no ‚ in font ptmr7t!
Missing character: There is no Ä in font ptmr7t!
Missing character: There is no ú in font ptmr7t!
Missing character: There is no √ in font ptmr7t!
Missing character: There is no • in font ptmr7t!
Missing character: There is no √ in font ptmr7t!
Missing character: There is no • in font ptmr7t!
Missing character: There is no ‚ in font ptmr7t!
Missing character: There is no Ä in font ptmr7t!
Missing character: There is no ù in font ptmr7t!
Missing character: There is no ‚ in font ptmr7t!
Missing character: There is no Ä in font ptmr7t!
Missing character: There is no ú in font ptmr7t!
Missing character: There is no ‚ in font ptmr7t!
Missing character: There is no Ä in font ptmr7t!
Missing character: There is no ù in font ptmr7t!

Underfull \hbox (badness 2452) in paragraph at lines 170--170
[]\OT1/ptm/m/n/12 Any de-pend-abil-ity be-tween
 []


Overfull \hbox (35.6656pt too wide) in paragraph at lines 160--172
 [] 
 []

Missing character: There is no ‚ in font ptmr7t!
Missing character: There is no Ä in font ptmr7t!
Missing character: There is no ú in font ptmr7t!
Missing character: There is no ‚ in font ptmr7t!
Missing character: There is no Ä in font ptmr7t!
Missing character: There is no ù in font ptmr7t!

Underfull \hbox (badness 2452) in paragraph at lines 195--195
[]\OT1/ptm/m/n/12 Any de-pend-abil-ity be-tween
 []


Overfull \hbox (35.6656pt too wide) in paragraph at lines 179--197
 [] 
 []


LaTeX Warning: `!h' float specifier changed to `!ht'.


Underfull \vbox (badness 10000) has occurred while \output is active []

 [60]
Missing character: There is no ‚ in font ptmr7t!
Missing character: There is no Ä in font ptmr7t!
Missing character: There is no ú in font ptmr7t!
Missing character: There is no ‚ in font ptmr7t!
Missing character: There is no Ä in font ptmr7t!
Missing character: There is no ù in font ptmr7t!

[61]
Underfull \hbox (badness 10000) in paragraph at lines 217--218

 []


Underfull \hbox (badness 10000) in paragraph at lines 219--223

 []

[62] [63] [64

]) (evaluation.tex
Chapter 16.
[65

] [66

]) (conclusion.tex
Chapter 17.
[67

] [68

]) (bibliography.tex
Chapter 18.
Missing character: There is no ‚ in font ptmr7t!
Missing character: There is no Ä in font ptmr7t!
Missing character: There is no ú in font ptmr7t!
Missing character: There is no ‚ in font ptmr7t!
Missing character: There is no Ä in font ptmr7t!
Missing character: There is no ù in font ptmr7t!

Underfull \hbox (badness 10000) in paragraph at lines 5--50

 []

[69

] [70]) (references.tex (main.bbl) [71


] [72

]) (appendix.tex
Underfull \hbox (badness 10000) in paragraph at lines 3--4

 []


Underfull \hbox (badness 10000) in paragraph at lines 5--8

 []


Underfull \hbox (badness 10000) in paragraph at lines 9--12

 []


Underfull \hbox (badness 10000) in paragraph at lines 13--15

 []


Underfull \hbox (badness 10000) in paragraph at lines 16--18

 []


Underfull \hbox (badness 10000) in paragraph at lines 32--33

 []


Underfull \hbox (badness 10000) in paragraph at lines 35--37

 []

[73]
Underfull \hbox (badness 10000) in paragraph at lines 38--39

 []


Underfull \hbox (badness 10000) in paragraph at lines 40--41

 []


Underfull \hbox (badness 10000) in paragraph at lines 42--43

 []


Underfull \hbox (badness 10000) in paragraph at lines 46--47

 []


Underfull \hbox (badness 10000) in paragraph at lines 49--51

 []


Underfull \hbox (badness 10000) in paragraph at lines 52--54

 []

[74])
Package atveryend Info: Empty hook `BeforeClearDocument' on input line 47.
Package atveryend Info: Empty hook `AfterLastShipout' on input line 47.
 (main.aux)
Package atveryend Info: Executing hook `AtVeryEndDocument' on input line 47.
Package atveryend Info: Executing hook `AtEndAfterFileList' on input line 47.
Package rerunfilecheck Info: File `main.out' has not changed.
(rerunfilecheck)             Checksum: 3CD1FB71E97C297AB08D921F0F52126E;6480.
Package atveryend Info: Empty hook `AtVeryVeryEnd' on input line 47.
 ) 
Here is how much of TeX's memory you used:
 9150 strings out of 493698
 130905 string characters out of 3144413
 249677 words of memory out of 3000000
 12016 multiletter control sequences out of 15000+200000
 29935 words of font info for 68 fonts, out of 3000000 for 9000
 1025 hyphenation exceptions out of 8191
 38i,12n,51p,1339b,454s stack positions out of 5000i,500n,10000p,200000b,50000s
{C:/Program Files/MiKTeX/fonts/enc/dvips/fontname/8r.enc}<C:/Program Files/Mi
KTeX/fonts/type1/public/amsfonts/cm/cmmi12.pfb><C:/Program Files/MiKTeX/fonts/t
ype1/public/amsfonts/cm/cmr12.pfb><C:/Program Files/MiKTeX/fonts/type1/public/a
msfonts/cm/cmsy10.pfb><C:/Program Files/MiKTeX/fonts/type1/urw/courier/ucrr8a.p
fb><C:/Program Files/MiKTeX/fonts/type1/urw/helvetic/uhvr8a.pfb><C:/Program Fil
es/MiKTeX/fonts/type1/urw/times/utmb8a.pfb><C:/Program Files/MiKTeX/fonts/type1
/urw/times/utmr8a.pfb><C:/Program Files/MiKTeX/fonts/type1/urw/times/utmri8a.pf
b>
Output written on main.pdf (86 pages, 322387 bytes).
PDF statistics:
 1036 PDF objects out of 1200 (max. 8388607)
 227 named destinations out of 1000 (max. 500000)
 822 words of extra memory for PDF output out of 10000 (max. 10000000)

